<?xml version="1.0" encoding="UTF-8"?>
<testng-results skipped="0" failed="0" total="1" passed="1">
  <reporter-output>
  </reporter-output>
  <suite name="Default suite" duration-ms="18273" started-at="2016-07-17T14:40:55Z" finished-at="2016-07-17T14:41:13Z">
    <groups>
    </groups>
    <test name="Default test" duration-ms="18273" started-at="2016-07-17T14:40:55Z" finished-at="2016-07-17T14:41:13Z">
      <class name="keyword.RunScripts">
        <test-method status="PASS" signature="beforeSuite()[pri:0, instance:keyword.RunScripts@1251891]" name="beforeSuite" is-config="true" duration-ms="437" started-at="2016-07-17T20:10:55Z" finished-at="2016-07-17T20:10:55Z">
          <reporter-output>
          </reporter-output>
        </test-method> <!-- beforeSuite -->
        <test-method status="PASS" signature="beforeTest()[pri:0, instance:keyword.RunScripts@1251891]" name="beforeTest" is-config="true" duration-ms="0" started-at="2016-07-17T20:10:55Z" finished-at="2016-07-17T20:10:55Z">
          <reporter-output>
          </reporter-output>
        </test-method> <!-- beforeTest -->
        <test-method status="PASS" signature="startTestCase()[pri:0, instance:keyword.RunScripts@1251891]" name="startTestCase" is-config="true" duration-ms="0" started-at="2016-07-17T20:10:55Z" finished-at="2016-07-17T20:10:55Z">
          <reporter-output>
          </reporter-output>
        </test-method> <!-- startTestCase -->
        <test-method status="PASS" signature="beforeMethod()[pri:0, instance:keyword.RunScripts@1251891]" name="beforeMethod" is-config="true" duration-ms="6883" started-at="2016-07-17T20:10:55Z" finished-at="2016-07-17T20:11:02Z">
          <reporter-output>
          </reporter-output>
        </test-method> <!-- beforeMethod -->
        <test-method status="PASS" signature="runScripts()[pri:0, instance:keyword.RunScripts@1251891]" name="runScripts" duration-ms="9861" started-at="2016-07-17T20:11:02Z" finished-at="2016-07-17T20:11:12Z">
          <reporter-output>
          </reporter-output>
        </test-method> <!-- runScripts -->
        <test-method status="PASS" signature="afterMethod()[pri:0, instance:keyword.RunScripts@1251891]" name="afterMethod" is-config="true" duration-ms="1513" started-at="2016-07-17T20:11:12Z" finished-at="2016-07-17T20:11:13Z">
          <reporter-output>
          </reporter-output>
        </test-method> <!-- afterMethod -->
        <test-method status="PASS" signature="afterTest()[pri:0, instance:keyword.RunScripts@1251891]" name="afterTest" is-config="true" duration-ms="0" started-at="2016-07-17T20:11:13Z" finished-at="2016-07-17T20:11:13Z">
          <reporter-output>
          </reporter-output>
        </test-method> <!-- afterTest -->
        <test-method status="PASS" signature="afterSuite()[pri:0, instance:keyword.RunScripts@1251891]" name="afterSuite" is-config="true" duration-ms="344" started-at="2016-07-17T20:11:13Z" finished-at="2016-07-17T20:11:14Z">
          <reporter-output>
          </reporter-output>
        </test-method> <!-- afterSuite -->
      </class> <!-- keyword.RunScripts -->
    </test> <!-- Default test -->
  </suite> <!-- Default suite -->
</testng-results>
